[2023-02-14 08:07:14 +0800] [233456] [INFO] Starting gunicorn 20.1.0
[2023-02-14 08:07:14 +0800] [233456] [INFO] Listening at: http://127.0.0.1:8000 (233456)
[2023-02-14 08:07:14 +0800] [233456] [INFO] Using worker: sync
[2023-02-14 08:07:14 +0800] [233457] [INFO] Booting worker with pid: 233457
[2023-02-14 08:07:14 +0800] [233458] [INFO] Booting worker with pid: 233458
[2023-02-14 08:07:14 +0800] [233459] [INFO] Booting worker with pid: 233459
[2023-02-14 08:07:14 +0800] [233460] [INFO] Booting worker with pid: 233460
[2023-02-14 08:07:35 +0800] [265504] [INFO] Starting gunicorn 20.1.0
[2023-02-14 08:07:35 +0800] [265504] [ERROR] Connection in use: ('127.0.0.1', 8000)
[2023-02-14 08:07:35 +0800] [265504] [ERROR] Retrying in 1 second.
[2023-02-14 08:07:36 +0800] [265504] [ERROR] Connection in use: ('127.0.0.1', 8000)
[2023-02-14 08:07:36 +0800] [265504] [ERROR] Retrying in 1 second.
[2023-02-14 08:07:37 +0800] [265504] [ERROR] Connection in use: ('127.0.0.1', 8000)
[2023-02-14 08:07:37 +0800] [265504] [ERROR] Retrying in 1 second.
[2023-02-14 08:07:38 +0800] [265504] [ERROR] Connection in use: ('127.0.0.1', 8000)
[2023-02-14 08:07:38 +0800] [265504] [ERROR] Retrying in 1 second.
[2023-02-14 08:07:39 +0800] [265504] [ERROR] Connection in use: ('127.0.0.1', 8000)
[2023-02-14 08:07:39 +0800] [265504] [ERROR] Retrying in 1 second.
[2023-02-14 08:07:40 +0800] [265504] [ERROR] Can't connect to ('127.0.0.1', 8000)
[2023-02-14 10:21:09 +0800] [233456] [WARNING] Worker with pid 233457 was terminated due to signal 1
[2023-02-14 10:21:09 +0800] [233456] [WARNING] Worker with pid 233459 was terminated due to signal 1
[2023-02-14 10:21:09 +0800] [233456] [WARNING] Worker with pid 233460 was terminated due to signal 1
[2023-02-14 10:21:09 +0800] [233456] [WARNING] Worker with pid 233458 was terminated due to signal 1
[2023-02-14 10:21:09 +0800] [285426] [INFO] Booting worker with pid: 285426
[2023-02-14 10:21:09 +0800] [285427] [INFO] Booting worker with pid: 285427
[2023-02-14 10:21:09 +0800] [285428] [INFO] Booting worker with pid: 285428
[2023-02-14 10:21:10 +0800] [233456] [INFO] Handling signal: hup
[2023-02-14 10:21:10 +0800] [233456] [INFO] Hang up: Master
[2023-02-14 10:21:10 +0800] [285430] [INFO] Booting worker with pid: 285430
[2023-02-14 10:21:10 +0800] [285431] [INFO] Booting worker with pid: 285431
[2023-02-14 10:21:10 +0800] [285433] [INFO] Booting worker with pid: 285433
[2023-02-14 10:21:10 +0800] [285432] [INFO] Booting worker with pid: 285432
[2023-02-14 10:21:30 +0800] [285426] [INFO] Worker exiting (pid: 285426)
Init data complete!
[2023-02-14 10:21:30 +0800] [285427] [INFO] Worker exiting (pid: 285427)
Init data complete!
[2023-02-14 10:21:31 +0800] [233456] [WARNING] Worker with pid 285427 was terminated due to signal 15
[2023-02-14 10:21:31 +0800] [233456] [WARNING] Worker with pid 285426 was terminated due to signal 15
[2023-02-14 10:21:33 +0800] [285428] [INFO] Worker exiting (pid: 285428)
Init data complete!
[2023-02-14 10:21:33 +0800] [233456] [WARNING] Worker with pid 285428 was terminated due to signal 15
[2023-02-14 12:45:58 +0800] [285433] [INFO] Parent changed, shutting down: <Worker 285433>
[2023-02-14 12:45:58 +0800] [285433] [INFO] Worker exiting (pid: 285433)
Init data complete!
[2023-02-14 12:45:59 +0800] [285432] [INFO] Parent changed, shutting down: <Worker 285432>
[2023-02-14 12:45:59 +0800] [285432] [INFO] Worker exiting (pid: 285432)
Init data complete!
